2022-03-06 10:05:47 



















2022-03-06 10:05:47 Kigacoin version v0.15.1.0-0b47699b9-dirty
2022-03-06 10:05:47 InitParameterInteraction: parameter interaction: -whitelistforcerelay=1 -> setting -whitelistrelay=1
2022-03-06 10:05:47 Assuming ancestors of block 59c9b9d3fec105bdc716d84caa7579503d5b05b73618d0bf2d5fa639f780a011 have valid signatures.
2022-03-06 10:05:47 Setting nMinimumChainWork=0000000000000000000000000000000000000000000000000000000000000000
2022-03-06 10:05:47 Using the 'standard' SHA256 implementation
2022-03-06 10:05:47 Using RdRand as an additional entropy source
2022-03-06 10:05:48 Default data directory C:\Users\KGA_14\AppData\Roaming\Kigacoin
2022-03-06 10:05:48 Using data directory C:\Users\KGA_14\Documents\kiga2\kigacoin_win_bin\bin\
2022-03-06 10:05:48 Using config file C:\Users\KGA_14\Documents\kiga2\kigacoin_win_bin\bin\
2022-03-06 10:05:48 Using at most 125 automatic connections (2048 file descriptors available)
2022-03-06 10:05:48 GUI: "registerShutdownBlockReason: Successfully registered: Kigacoin Core가 아직 안전하게 종료되지 않았습니다..."
2022-03-06 10:05:48 Using 16 MiB out of 32/2 requested for signature cache, able to store 524288 elements
2022-03-06 10:05:48 Using 16 MiB out of 32/2 requested for script execution cache, able to store 524288 elements
2022-03-06 10:05:48 Using 6 threads for script verification
2022-03-06 10:05:48 init message: Verifying wallet(s)...
2022-03-06 10:05:48 scheduler thread start
2022-03-06 10:05:48 Using BerkeleyDB version Berkeley DB 4.8.30: (April  9, 2010)
2022-03-06 10:05:48 Using wallet wallet.dat
2022-03-06 10:05:48 CDBEnv::Open: LogDir=C:\Users\KGA_14\Documents\kiga2\kigacoin_win_bin\bin\database ErrorFile=C:\Users\KGA_14\Documents\kiga2\kigacoin_win_bin\bin\db.log
2022-03-06 10:05:48 Cache configuration:
2022-03-06 10:05:48 * Using 2.0MiB for block index database
2022-03-06 10:05:48 * Using 8.0MiB for chain state database
2022-03-06 10:05:48 * Using 440.0MiB for in-memory UTXO set (plus up to 286.1MiB of unused mempool space)
2022-03-06 10:05:48 init message: 블록 인덱스를 불러오는 중...
2022-03-06 10:05:48 Opening LevelDB in C:\Users\KGA_14\Documents\kiga2\kigacoin_win_bin\bin\blocks\index
2022-03-06 10:05:48 Opened LevelDB successfully
2022-03-06 10:05:48 Using obfuscation key for C:\Users\KGA_14\Documents\kiga2\kigacoin_win_bin\bin\blocks\index: 0000000000000000
2022-03-06 10:05:48 LoadBlockIndexDB: last block file = 0
2022-03-06 10:05:48 LoadBlockIndexDB: last block file info: CBlockFileInfo(blocks=0, size=0, heights=0...0, time=1970-01-01...1970-01-01)
2022-03-06 10:05:48 Checking all blk files are present...
2022-03-06 10:05:48 LoadBlockIndexDB: transaction index disabled
2022-03-06 10:05:48 Initializing databases...
2022-03-06 10:05:48 Pre-allocating up to position 0x1000000 in blk00000.dat
2022-03-06 10:05:48 Opening LevelDB in C:\Users\KGA_14\Documents\kiga2\kigacoin_win_bin\bin\chainstate
2022-03-06 10:05:48 Opened LevelDB successfully
2022-03-06 10:05:48 Wrote new obfuscate key for C:\Users\KGA_14\Documents\kiga2\kigacoin_win_bin\bin\chainstate: 5dcd6995fc680a40
2022-03-06 10:05:48 Using obfuscation key for C:\Users\KGA_14\Documents\kiga2\kigacoin_win_bin\bin\chainstate: 5dcd6995fc680a40
2022-03-06 10:05:48 init message: 블록 되감는중...
2022-03-06 10:05:48  block index              34ms
2022-03-06 10:05:48 init message: 지갑을 불러오는 중...
2022-03-06 10:05:48 nFileVersion = 150100
2022-03-06 10:05:48 Keys: 0 plaintext, 0 encrypted, 0 w/ metadata, 0 total
2022-03-06 10:05:48 Performing wallet upgrade to 60000
2022-03-06 10:05:49 keypool added 2000 keys (1000 internal), size=2000 (1000 internal)
2022-03-06 10:05:49 keypool reserve 1
2022-03-06 10:05:49 keypool keep 1
2022-03-06 10:05:49  wallet                  725ms
2022-03-06 10:05:49 keypool added 1 keys (0 internal), size=2000 (1000 internal)
2022-03-06 10:05:49 setKeyPool.size() = 2000
2022-03-06 10:05:49 mapWallet.size() = 0
2022-03-06 10:05:49 mapAddressBook.size() = 1
2022-03-06 10:05:49 UpdateTip: new best=de0bc9e62461efb7cb25b3dfadef8e3b9d032872b04d99bf121793691774161d height=0 version=0x00000001 log2_work=20.000022 tx=1 date='2021-04-05 06:29:01' progress=1.000000 cache=0.0MiB(0txo)
2022-03-06 10:05:49 mapBlockIndex.size() = 1
2022-03-06 10:05:49 Failed to open mempool file from disk. Continuing anyway.
2022-03-06 10:05:49 nBestHeight = 0
2022-03-06 10:05:49 torcontrol thread start
2022-03-06 10:05:49 Bound to [::]:9777
2022-03-06 10:05:49 Bound to 0.0.0.0:9777
2022-03-06 10:05:49 init message: Loading P2P addresses...
2022-03-06 10:05:49 ERROR: DeserializeFileDB: Failed to open file C:\Users\KGA_14\Documents\kiga2\kigacoin_win_bin\bin\peers.dat
2022-03-06 10:05:49 Invalid or missing peers.dat; recreating
2022-03-06 10:05:49 init message: 추방리스트를 불러오는 중...
2022-03-06 10:05:49 ERROR: DeserializeFileDB: Failed to open file C:\Users\KGA_14\Documents\kiga2\kigacoin_win_bin\bin\banlist.dat
2022-03-06 10:05:49 Invalid or missing banlist.dat; recreating
2022-03-06 10:05:49 init message: 네트워크 스레드 시작중...
2022-03-06 10:05:49 init message: 로딩 완료
2022-03-06 10:05:49 net thread start
2022-03-06 10:05:49 dnsseed thread start
2022-03-06 10:05:49 addcon thread start
2022-03-06 10:05:49 Loading addresses from DNS seeds (could take a while)
2022-03-06 10:05:49 opencon thread start
2022-03-06 10:05:49 msghand thread start
2022-03-06 10:05:49 GUI: Platform customization: "windows"
2022-03-06 10:05:49 GUI: PaymentServer::LoadRootCAs: Loaded  30  root certificates
2022-03-06 10:05:51 0 addresses found from DNS seeds
2022-03-06 10:05:51 dnsseed thread exit
2022-03-06 10:06:50 Adding fixed seed nodes as DNS doesn't seem to be available.
2022-03-06 10:08:45 tor: Thread interrupt
2022-03-06 10:08:45 opencon thread exit
2022-03-06 10:08:45 torcontrol thread exit
2022-03-06 10:08:45 addcon thread exit
2022-03-06 10:08:45 scheduler thread interrupt
2022-03-06 10:08:45 Shutdown: In progress...
2022-03-06 10:08:45 net thread exit
2022-03-06 10:08:45 msghand thread exit
2022-03-06 10:08:45 Dumped mempool: 0s to copy, 0.002978s to dump
2022-03-06 10:08:45 Shutdown: done
